<?xml version="1.0" encoding="UTF-8"?>
<!-- Generated by org.testng.reporters.JUnitXMLReporter -->
<testsuite ignored="0" hostname="DESKTOP-PG0CG1V" failures="0" tests="3" name="Default test" time="27.008" errors="0" timestamp="2026-06-25T18:56:39 EDT">
  <testcase classname="Test.BookingTest" name="bookingFlight" time="3.816"/>
  <testcase classname="Test.BookingTest" name="bookingFlight" time="3.517"/>
  <testcase classname="Test.BookingTest" name="bookingFlight" time="2.752"/>
</testsuite> <!-- Default test -->
