<?xml version="1.0" encoding="UTF-8"?>
<testng-results ignored="0" total="3" passed="3" failed="0" skipped="0">
  <reporter-output>
  </reporter-output>
  <suite started-at="2026-06-25T18:56:12 EDT" name="Default suite" finished-at="2026-06-25T18:56:39 EDT" duration-ms="27008">
    <groups>
    </groups>
    <test started-at="2026-06-25T18:56:12 EDT" name="Default test" finished-at="2026-06-25T18:56:39 EDT" duration-ms="27008">
      <class name="Test.BookingTest">
        <test-method is-config="true" signature="setUp()[pri:0, instance:Test.BookingTest@48075da3]" started-at="2026-06-25T18:56:12 EDT" name="setUp" finished-at="2026-06-25T18:56:19 EDT" duration-ms="7327" status="PASS">
          <reporter-output>
          </reporter-output>
        </test-method> <!-- setUp -->
        <test-method signature="bookingFlight(java.lang.String,java.lang.String,java.lang.String,java.lang.String,java.lang.String,java.lang.String,java.lang.String,java.lang.String,java.lang.String)[pri:0, instance:Test.BookingTest@48075da3]" started-at="2026-06-25T18:56:19 EDT" name="bookingFlight" data-provider="flightData" finished-at="2026-06-25T18:56:23 EDT" duration-ms="3816" status="PASS">
          <params>
            <param index="0">
              <value>
                <![CDATA[Paris]]>
              </value>
            </param>
            <param index="1">
              <value>
                <![CDATA[London]]>
              </value>
            </param>
            <param index="2">
              <value>
                <![CDATA[John Smith]]>
              </value>
            </param>
            <param index="3">
              <value>
                <![CDATA[123 Main St]]>
              </value>
            </param>
            <param index="4">
              <value>
                <![CDATA[Toronto]]>
              </value>
            </param>
            <param index="5">
              <value>
                <![CDATA[Ontario]]>
              </value>
            </param>
            <param index="6">
              <value>
                <![CDATA[M5V2T6]]>
              </value>
            </param>
            <param index="7">
              <value>
                <![CDATA[4111111111111111]]>
              </value>
            </param>
            <param index="8">
              <value>
                <![CDATA[aksk]]>
              </value>
            </param>
          </params>
          <reporter-output>
          </reporter-output>
        </test-method> <!-- bookingFlight -->
        <test-method is-config="true" signature="tearDown()[pri:0, instance:Test.BookingTest@48075da3]" started-at="2026-06-25T18:56:23 EDT" name="tearDown" finished-at="2026-06-25T18:56:24 EDT" duration-ms="552" status="PASS">
          <reporter-output>
          </reporter-output>
        </test-method> <!-- tearDown -->
        <test-method is-config="true" signature="setUp()[pri:0, instance:Test.BookingTest@48075da3]" started-at="2026-06-25T18:56:24 EDT" name="setUp" finished-at="2026-06-25T18:56:27 EDT" duration-ms="3402" status="PASS">
          <reporter-output>
          </reporter-output>
        </test-method> <!-- setUp -->
        <test-method signature="bookingFlight(java.lang.String,java.lang.String,java.lang.String,java.lang.String,java.lang.String,java.lang.String,java.lang.String,java.lang.String,java.lang.String)[pri:0, instance:Test.BookingTest@48075da3]" started-at="2026-06-25T18:56:27 EDT" name="bookingFlight" data-provider="flightData" finished-at="2026-06-25T18:56:30 EDT" duration-ms="3517" status="PASS">
          <params>
            <param index="0">
              <value>
                <![CDATA[Boston]]>
              </value>
            </param>
            <param index="1">
              <value>
                <![CDATA[Berlin]]>
              </value>
            </param>
            <param index="2">
              <value>
                <![CDATA[Jane Doe]]>
              </value>
            </param>
            <param index="3">
              <value>
                <![CDATA[456 Oak Ave]]>
              </value>
            </param>
            <param index="4">
              <value>
                <![CDATA[Berlin]]>
              </value>
            </param>
            <param index="5">
              <value>
                <![CDATA[Berlin]]>
              </value>
            </param>
            <param index="6">
              <value>
                <![CDATA[10115]]>
              </value>
            </param>
            <param index="7">
              <value>
                <![CDATA[5500005555555559]]>
              </value>
            </param>
            <param index="8">
              <value>
                <![CDATA[aksk]]>
              </value>
            </param>
          </params>
          <reporter-output>
          </reporter-output>
        </test-method> <!-- bookingFlight -->
        <test-method is-config="true" signature="tearDown()[pri:0, instance:Test.BookingTest@48075da3]" started-at="2026-06-25T18:56:30 EDT" name="tearDown" finished-at="2026-06-25T18:56:31 EDT" duration-ms="470" status="PASS">
          <reporter-output>
          </reporter-output>
        </test-method> <!-- tearDown -->
        <test-method is-config="true" signature="setUp()[pri:0, instance:Test.BookingTest@48075da3]" started-at="2026-06-25T18:56:31 EDT" name="setUp" finished-at="2026-06-25T18:56:35 EDT" duration-ms="4499" status="PASS">
          <reporter-output>
          </reporter-output>
        </test-method> <!-- setUp -->
        <test-method signature="bookingFlight(java.lang.String,java.lang.String,java.lang.String,java.lang.String,java.lang.String,java.lang.String,java.lang.String,java.lang.String,java.lang.String)[pri:0, instance:Test.BookingTest@48075da3]" started-at="2026-06-25T18:56:35 EDT" name="bookingFlight" data-provider="flightData" finished-at="2026-06-25T18:56:38 EDT" duration-ms="2752" status="PASS">
          <params>
            <param index="0">
              <value>
                <![CDATA[Portland]]>
              </value>
            </param>
            <param index="1">
              <value>
                <![CDATA[Rome]]>
              </value>
            </param>
            <param index="2">
              <value>
                <![CDATA[Bob Lee]]>
              </value>
            </param>
            <param index="3">
              <value>
                <![CDATA[789 Pine Rd]]>
              </value>
            </param>
            <param index="4">
              <value>
                <![CDATA[Rome]]>
              </value>
            </param>
            <param index="5">
              <value>
                <![CDATA[Lazio]]>
              </value>
            </param>
            <param index="6">
              <value>
                <![CDATA[00100]]>
              </value>
            </param>
            <param index="7">
              <value>
                <![CDATA[4222222222222]]>
              </value>
            </param>
            <param index="8">
              <value>
                <![CDATA[aksk]]>
              </value>
            </param>
          </params>
          <reporter-output>
          </reporter-output>
        </test-method> <!-- bookingFlight -->
        <test-method is-config="true" signature="tearDown()[pri:0, instance:Test.BookingTest@48075da3]" started-at="2026-06-25T18:56:38 EDT" name="tearDown" finished-at="2026-06-25T18:56:39 EDT" duration-ms="530" status="PASS">
          <reporter-output>
          </reporter-output>
        </test-method> <!-- tearDown -->
      </class> <!-- Test.BookingTest -->
    </test> <!-- Default test -->
  </suite> <!-- Default suite -->
</testng-results>
