<?xml version="1.0" encoding="UTF-8"?>
<!-- Generated by org.testng.reporters.JUnitReportReporter -->
<testsuite hostname="DESKTOP-PG0CG1V" failures="0" tests="3" name="Test.BookingTest" time="26.865" errors="0" timestamp="2026-06-25T18:56:39 EDT" skipped="0">
  <testcase classname="Test.BookingTest" name="bookingFlight" time="11.695"/>
  <testcase classname="Test.BookingTest" name="bookingFlight" time="7.449"/>
  <testcase classname="Test.BookingTest" name="bookingFlight" time="7.721"/>
</testsuite> <!-- Test.BookingTest -->
